{"numFailedTestSuites":7,"numFailedTests":0,"numPassedTestSuites":0,"numPassedTests":0,"numPendingTestSuites":0,"numPendingTests":0,"numRuntimeErrorTestSuites":7,"numTodoTests":0,"numTotalTestSuites":7,"numTotalTests":0,"openHandles":[],"snapshot":{"added":0,"didUpdate":false,"failure":false,"filesAdded":0,"filesRemoved":0,"filesRemovedList":[],"filesUnmatched":0,"filesUpdated":0,"matched":0,"total":0,"unchecked":0,"uncheckedKeysByFile":[],"unmatched":0,"updated":0},"startTime":1786648905912,"success":false,"testResults":[{"assertionResults":[],"coverage":{},"endTime":1786648908313,"message":"  ● Test suite failed to run\n\n    The error below may be caused by using the wrong test environment, see https://jestjs.io/docs/configuration#testenvironment-string.\n    Consider using the \"jsdom\" test environment.\n\n    ReferenceError: window is not defined\n\n      21 |\n      22 | // Mock window.matchMedia\n    > 23 | Object.defineProperty(window, 'matchMedia', {\n         |                       ^\n      24 |   writable: true,\n      25 |   value: jest.fn().mockImplementation((query) => ({\n      26 |     matches: false,\n\n      at Object.<anonymous> (src/setupTests.js:23:23)\n","name":"/Users/2327738/Desktop/Study/PortFolio/ProtFolio/client/src/__tests__/components.test.js","startTime":1786648908313,"status":"failed","summary":""},{"assertionResults":[],"coverage":{},"endTime":1786648908313,"message":"  ● Test suite failed to run\n\n    The error below may be caused by using the wrong test environment, see https://jestjs.io/docs/configuration#testenvironment-string.\n    Consider using the \"jsdom\" test environment.\n\n    ReferenceError: window is not defined\n\n      21 |\n      22 | // Mock window.matchMedia\n    > 23 | Object.defineProperty(window, 'matchMedia', {\n         |                       ^\n      24 |   writable: true,\n      25 |   value: jest.fn().mockImplementation((query) => ({\n      26 |     matches: false,\n\n      at Object.<anonymous> (src/setupTests.js:23:23)\n","name":"/Users/2327738/Desktop/Study/PortFolio/ProtFolio/client/src/__tests__/simple.test.js","startTime":1786648908313,"status":"failed","summary":""},{"assertionResults":[],"coverage":{},"endTime":1786648908313,"message":"  ● Test suite failed to run\n\n    The error below may be caused by using the wrong test environment, see https://jestjs.io/docs/configuration#testenvironment-string.\n    Consider using the \"jsdom\" test environment.\n\n    ReferenceError: window is not defined\n\n      21 |\n      22 | // Mock window.matchMedia\n    > 23 | Object.defineProperty(window, 'matchMedia', {\n         |                       ^\n      24 |   writable: true,\n      25 |   value: jest.fn().mockImplementation((query) => ({\n      26 |     matches: false,\n\n      at Object.<anonymous> (src/setupTests.js:23:23)\n","name":"/Users/2327738/Desktop/Study/PortFolio/ProtFolio/client/src/__tests__/api.test.js","startTime":1786648908313,"status":"failed","summary":""},{"assertionResults":[],"coverage":{},"endTime":1786648908313,"message":"  ● Test suite failed to run\n\n    The error below may be caused by using the wrong test environment, see https://jestjs.io/docs/configuration#testenvironment-string.\n    Consider using the \"jsdom\" test environment.\n\n    ReferenceError: window is not defined\n\n      21 |\n      22 | // Mock window.matchMedia\n    > 23 | Object.defineProperty(window, 'matchMedia', {\n         |                       ^\n      24 |   writable: true,\n      25 |   value: jest.fn().mockImplementation((query) => ({\n      26 |     matches: false,\n\n      at Object.<anonymous> (src/setupTests.js:23:23)\n","name":"/Users/2327738/Desktop/Study/PortFolio/ProtFolio/client/src/__tests__/keyComponents.test.js","startTime":1786648908313,"status":"failed","summary":""},{"assertionResults":[],"coverage":{},"endTime":1786648908313,"message":"  ● Test suite failed to run\n\n    The error below may be caused by using the wrong test environment, see https://jestjs.io/docs/configuration#testenvironment-string.\n    Consider using the \"jsdom\" test environment.\n\n    ReferenceError: window is not defined\n\n      21 |\n      22 | // Mock window.matchMedia\n    > 23 | Object.defineProperty(window, 'matchMedia', {\n         |                       ^\n      24 |   writable: true,\n      25 |   value: jest.fn().mockImplementation((query) => ({\n      26 |     matches: false,\n\n      at Object.<anonymous> (src/setupTests.js:23:23)\n","name":"/Users/2327738/Desktop/Study/PortFolio/ProtFolio/client/src/__tests__/slices.test.js","startTime":1786648908313,"status":"failed","summary":""},{"assertionResults":[],"coverage":{},"endTime":1786648908313,"message":"  ● Test suite failed to run\n\n    The error below may be caused by using the wrong test environment, see https://jestjs.io/docs/configuration#testenvironment-string.\n    Consider using the \"jsdom\" test environment.\n\n    ReferenceError: window is not defined\n\n      21 |\n      22 | // Mock window.matchMedia\n    > 23 | Object.defineProperty(window, 'matchMedia', {\n         |                       ^\n      24 |   writable: true,\n      25 |   value: jest.fn().mockImplementation((query) => ({\n      26 |     matches: false,\n\n      at Object.<anonymous> (src/setupTests.js:23:23)\n","name":"/Users/2327738/Desktop/Study/PortFolio/ProtFolio/client/src/__tests__/utils.test.js","startTime":1786648908313,"status":"failed","summary":""},{"assertionResults":[],"coverage":{},"endTime":1786648908313,"message":"  ● Test suite failed to run\n\n    The error below may be caused by using the wrong test environment, see https://jestjs.io/docs/configuration#testenvironment-string.\n    Consider using the \"jsdom\" test environment.\n\n    ReferenceError: window is not defined\n\n      21 |\n      22 | // Mock window.matchMedia\n    > 23 | Object.defineProperty(window, 'matchMedia', {\n         |                       ^\n      24 |   writable: true,\n      25 |   value: jest.fn().mockImplementation((query) => ({\n      26 |     matches: false,\n\n      at Object.<anonymous> (src/setupTests.js:23:23)\n","name":"/Users/2327738/Desktop/Study/PortFolio/ProtFolio/client/src/__tests__/ChatbotComponent.test.js","startTime":1786648908313,"status":"failed","summary":""}],"wasInterrupted":false}